<?xml version="1.0" encoding="UTF-8"?>
<robot generator="Robot 6.1.1 (Python 3.12.0 on win32)" generated="20231027 21:50:16.800" rpa="false" schemaversion="4">
<suite id="s1" name="TestCase1" source="C:\Users\emutaus\PycharmProjects\robot_framework_101\Tests\TestCase1.robot">
<test id="s1-t1" name="TEST" line="8">
<kw name="Log" library="BuiltIn">
<arg>This is testcase</arg>
<doc>Logs the given message with the given level.</doc>
<msg timestamp="20231027 21:50:16.822" level="INFO">This is testcase</msg>
<status status="PASS" starttime="20231027 21:50:16.822" endtime="20231027 21:50:16.822"/>
</kw>
<status status="PASS" starttime="20231027 21:50:16.821" endtime="20231027 21:50:16.822"/>
</test>
<doc>This is my irst test case</doc>
<status status="PASS" starttime="20231027 21:50:16.802" endtime="20231027 21:50:16.823"/>
</suite>
<statistics>
<total>
<stat pass="1" fail="0" skip="0">All Tests</stat>
</total>
<tag>
</tag>
<suite>
<stat pass="1" fail="0" skip="0" id="s1" name="TestCase1">TestCase1</stat>
</suite>
</statistics>
<errors>
</errors>
</robot>
