<?xml version="1.0" encoding="UTF-8"?>
<robot generator="Robot 6.1.1 (Python 3.12.0 on win32)" generated="20231031 15:36:51.716" rpa="false" schemaversion="4">
<suite id="s1" name="TC8 APIAuthType" source="C:\Users\emutaus\PycharmProjects\robot_framework_101\Tests\TC8_APIAuthType.robot">
<test id="s1-t1" name="APIAuthTypeTest" line="13">
<kw name="Create Session" library="RequestsLibrary">
<arg>mysession</arg>
<arg>${base_url}</arg>
<arg>verify=true</arg>
<doc>Create Session: create a HTTP session to a server</doc>
<msg timestamp="20231031 15:36:51.828" level="INFO">Creating Session using : alias=mysession, url=https://httpbin.org, headers={},                     cookies={}, auth=None, timeout=None, proxies=None, verify=True,                     debug=0 </msg>
<status status="PASS" starttime="20231031 15:36:51.828" endtime="20231031 15:36:51.829"/>
</kw>
<kw name="Create Dictionary" library="BuiltIn">
<var>${params}</var>
<arg>param1=value1</arg>
<arg>param2=value2</arg>
<arg>api_key=43d58fdb7566750e1c553382</arg>
<doc>Creates and returns a dictionary based on the given ``items``.</doc>
<msg timestamp="20231031 15:36:51.829" level="INFO">${params} = {'param1': 'value1', 'param2': 'value2', 'api_key': '43d58fdb7566750e1c553382'}</msg>
<status status="PASS" starttime="20231031 15:36:51.829" endtime="20231031 15:36:51.830"/>
</kw>
<kw name="GET On Session" library="RequestsLibrary">
<var>${response}</var>
<arg>mysession</arg>
<arg>${req_uri}</arg>
<arg>${params}</arg>
<doc>Sends a GET request on a previously created HTTP Session.</doc>
<msg timestamp="20231031 15:36:54.534" level="INFO">GET Request : url=https://httpbin.org/get?param1=value1&amp;param2=value2&amp;api_key=43d58fdb7566750e1c553382 
 path_url=/get?param1=value1&amp;param2=value2&amp;api_key=43d58fdb7566750e1c553382 
 headers={'User-Agent': 'python-requests/2.31.0', 'Accept-Encoding': 'gzip, deflate', 'Accept': '*/*', 'Connection': 'keep-alive'} 
 body=None 
 </msg>
<msg timestamp="20231031 15:36:54.535" level="INFO">GET Response : url=https://httpbin.org/get?param1=value1&amp;param2=value2&amp;api_key=43d58fdb7566750e1c553382 
 status=200, reason=OK 
 headers={'Date': 'Tue, 31 Oct 2023 10:36:55 GMT', 'Content-Type': 'application/json', 'Content-Length': '463', 'Connection': 'keep-alive', 'Server': 'gunicorn/19.9.0', 'Access-Control-Allow-Origin': '*', 'Access-Control-Allow-Credentials': 'true'} 
 body={
  "args": {
    "api_key": "43d58fdb7566750e1c553382", 
    "param1": "value1", 
    "param2": "value2"
  }, 
  "headers": {
    "Accept": "*/*", 
    "Accept-Encoding": "gzip, deflate", 
    "Host": "httpbin.org", 
    "User-Agent": "python-requests/2.31.0", 
    "X-Amzn-Trace-Id": "Root=1-6540d8c7-08f257f41ba5269b3c6bef7d"
  }, 
  "origin": "103.151.43.91", 
  "url": "https://httpbin.org/get?param1=value1&amp;param2=value2&amp;api_key=43d58fdb7566750e1c553382"
}
 
 </msg>
<msg timestamp="20231031 15:36:54.536" level="INFO">${response} = &lt;Response [200]&gt;</msg>
<status status="PASS" starttime="20231031 15:36:51.830" endtime="20231031 15:36:54.536"/>
</kw>
<kw name="Convert To String" library="BuiltIn">
<var>${status_code}</var>
<arg>${response.status_code}</arg>
<doc>Converts the given item to a Unicode string.</doc>
<msg timestamp="20231031 15:36:54.538" level="INFO">${status_code} = 200</msg>
<status status="PASS" starttime="20231031 15:36:54.537" endtime="20231031 15:36:54.538"/>
</kw>
<kw name="Should Be Equal" library="BuiltIn">
<arg>${status_code}</arg>
<arg>200</arg>
<doc>Fails if the given objects are unequal.</doc>
<status status="PASS" starttime="20231031 15:36:54.538" endtime="20231031 15:36:54.538"/>
</kw>
<status status="PASS" starttime="20231031 15:36:51.828" endtime="20231031 15:36:54.539"/>
</test>
<doc>This is GET request test case</doc>
<status status="PASS" starttime="20231031 15:36:51.717" endtime="20231031 15:36:54.540"/>
</suite>
<statistics>
<total>
<stat pass="1" fail="0" skip="0">All Tests</stat>
</total>
<tag>
</tag>
<suite>
<stat pass="1" fail="0" skip="0" id="s1" name="TC8 APIAuthType">TC8 APIAuthType</stat>
</suite>
</statistics>
<errors>
</errors>
</robot>
