<?xml version="1.0" encoding="UTF-8"?>
<robot generator="Robot 6.1.1 (Python 3.12.0 on win32)" generated="20231031 12:03:38.805" rpa="false" schemaversion="4">
<suite id="s1" name="TC3 JSON" source="C:\Users\emutaus\PycharmProjects\robot_framework_101\Tests\TC3_JSON.robot">
<test id="s1-t1" name="ValidateJSON" line="9">
<kw name="Load Json From File" library="JSONLibrary">
<var>${json_data}</var>
<arg>Data/jsondata.json</arg>
<doc>Load JSON from file.</doc>
<msg timestamp="20231031 12:03:38.911" level="INFO">${json_data} = {'widget': {'debug': 'on', 'window': {'title': 'Sample Konfabulator Widget', 'name': 'main_window', 'width': 500, 'height': 500}, 'image': {'src': 'Images/Sun.png', 'name': 'sun1', 'hOffset': 250, 'vO...</msg>
<status status="PASS" starttime="20231031 12:03:38.910" endtime="20231031 12:03:38.911"/>
</kw>
<kw name="Get Value From Json" library="JSONLibrary">
<var>${debug_value}</var>
<arg>${json_data}</arg>
<arg>$.widget.debug</arg>
<doc>Get Value From JSON using JSONPath</doc>
<msg timestamp="20231031 12:03:38.923" level="INFO">${debug_value} = ['on']</msg>
<status status="PASS" starttime="20231031 12:03:38.911" endtime="20231031 12:03:38.923"/>
</kw>
<kw name="Get Value From Json" library="JSONLibrary">
<var>${window_title_value}</var>
<arg>${json_data}</arg>
<arg>$.widget.window.title</arg>
<doc>Get Value From JSON using JSONPath</doc>
<msg timestamp="20231031 12:03:38.934" level="INFO">${window_title_value} = ['Sample Konfabulator Widget']</msg>
<status status="PASS" starttime="20231031 12:03:38.924" endtime="20231031 12:03:38.934"/>
</kw>
<kw name="Get Value From Json" library="JSONLibrary">
<var>${image_value}</var>
<arg>${json_data}</arg>
<arg>$.widget.image</arg>
<doc>Get Value From JSON using JSONPath</doc>
<msg timestamp="20231031 12:03:38.943" level="INFO">${image_value} = [{'src': 'Images/Sun.png', 'name': 'sun1', 'hOffset': 250, 'vOffset': 250, 'alignment': 'center'}]</msg>
<status status="PASS" starttime="20231031 12:03:38.934" endtime="20231031 12:03:38.943"/>
</kw>
<kw name="Log To Console" library="BuiltIn">
<arg>${json_data}</arg>
<doc>Logs the given message to the console.</doc>
<status status="PASS" starttime="20231031 12:03:38.943" endtime="20231031 12:03:38.944"/>
</kw>
<kw name="Log To Console" library="BuiltIn">
<arg>${debug_value}</arg>
<doc>Logs the given message to the console.</doc>
<status status="PASS" starttime="20231031 12:03:38.945" endtime="20231031 12:03:38.945"/>
</kw>
<kw name="Should Be Equal" library="BuiltIn">
<arg>${debug_value[0]}</arg>
<arg>on</arg>
<doc>Fails if the given objects are unequal.</doc>
<status status="PASS" starttime="20231031 12:03:38.945" endtime="20231031 12:03:38.946"/>
</kw>
<kw name="Should Be Equal" library="BuiltIn">
<arg>${window_title_value[0]}</arg>
<arg>Sample Konfabulator Widget</arg>
<doc>Fails if the given objects are unequal.</doc>
<status status="PASS" starttime="20231031 12:03:38.946" endtime="20231031 12:03:38.946"/>
</kw>
<status status="PASS" starttime="20231031 12:03:38.910" endtime="20231031 12:03:38.947"/>
</test>
<doc>This is JSON validation test case</doc>
<status status="PASS" starttime="20231031 12:03:38.806" endtime="20231031 12:03:38.947"/>
</suite>
<statistics>
<total>
<stat pass="1" fail="0" skip="0">All Tests</stat>
</total>
<tag>
</tag>
<suite>
<stat pass="1" fail="0" skip="0" id="s1" name="TC3 JSON">TC3 JSON</stat>
</suite>
</statistics>
<errors>
</errors>
</robot>
