<?xml version="1.0" encoding="UTF-8"?>
<robot generator="Robot 6.1.1 (Python 3.12.0 on win32)" generated="20231029 11:52:16.365" rpa="false" schemaversion="4">
<suite id="s1" name="TestCase1" source="C:\Users\emutaus\PycharmProjects\robot_framework_101\Tests\TestCase1.robot">
<test id="s1-t1" name="TEST" line="9">
<kw name="Log my output" library="resources">
<kw name="Log" library="BuiltIn">
<arg>This is my log message</arg>
<doc>Logs the given message with the given level.</doc>
<msg timestamp="20231029 11:52:16.388" level="INFO">This is my log message</msg>
<status status="PASS" starttime="20231029 11:52:16.388" endtime="20231029 11:52:16.388"/>
</kw>
<status status="PASS" starttime="20231029 11:52:16.388" endtime="20231029 11:52:16.388"/>
</kw>
<status status="PASS" starttime="20231029 11:52:16.388" endtime="20231029 11:52:16.388"/>
</test>
<doc>This is my irst test case</doc>
<status status="PASS" starttime="20231029 11:52:16.367" endtime="20231029 11:52:16.389"/>
</suite>
<statistics>
<total>
<stat pass="1" fail="0" skip="0">All Tests</stat>
</total>
<tag>
</tag>
<suite>
<stat pass="1" fail="0" skip="0" id="s1" name="TestCase1">TestCase1</stat>
</suite>
</statistics>
<errors>
</errors>
</robot>
