<?xml version="1.0" encoding="UTF-8"?>
<robot generator="Robot 6.1.1 (Python 3.12.0 on win32)" generated="20231031 14:22:45.600" rpa="false" schemaversion="4">
<suite id="s1" name="TC6 BasicAuthType" source="C:\Users\emutaus\PycharmProjects\robot_framework_101\Tests\TC6_BasicAuthType.robot">
<test id="s1-t1" name="BasicAuthTypeTest" line="11">
<kw name="Create List" library="BuiltIn">
<var>${auth}</var>
<arg>user</arg>
<arg>pass</arg>
<doc>Returns a list containing given items.</doc>
<msg timestamp="20231031 14:22:45.700" level="INFO">${auth} = ['user', 'pass']</msg>
<status status="PASS" starttime="20231031 14:22:45.700" endtime="20231031 14:22:45.700"/>
</kw>
<kw name="Create Session" library="RequestsLibrary">
<arg>mysession</arg>
<arg>${base_url}</arg>
<arg>auth=${auth}</arg>
<arg>verify=true</arg>
<doc>Create Session: create a HTTP session to a server</doc>
<msg timestamp="20231031 14:22:45.701" level="INFO">Creating Session using : alias=mysession, url=https://httpbin.org, headers={},                     cookies={}, auth=&lt;requests.auth.HTTPBasicAuth object at 0x000001D567060BC0&gt;, timeout=None, proxies=None, verify=True,                     debug=0 </msg>
<status status="PASS" starttime="20231031 14:22:45.701" endtime="20231031 14:22:45.701"/>
</kw>
<kw name="GET On Session" library="RequestsLibrary">
<var>${response}</var>
<arg>mysession</arg>
<arg>/get</arg>
<doc>Sends a GET request on a previously created HTTP Session.</doc>
<msg timestamp="20231031 14:22:46.940" level="INFO">GET Request : url=https://httpbin.org/get 
 path_url=/get 
 headers={'User-Agent': 'python-requests/2.31.0', 'Accept-Encoding': 'gzip, deflate', 'Accept': '*/*', 'Connection': 'keep-alive', 'Authorization': 'Basic dXNlcjpwYXNz'} 
 body=None 
 </msg>
<msg timestamp="20231031 14:22:46.941" level="INFO">GET Response : url=https://httpbin.org/get 
 status=200, reason=OK 
 headers={'Date': 'Tue, 31 Oct 2023 09:22:47 GMT', 'Content-Type': 'application/json', 'Content-Length': '351', 'Connection': 'keep-alive', 'Server': 'gunicorn/19.9.0', 'Access-Control-Allow-Origin': '*', 'Access-Control-Allow-Credentials': 'true'} 
 body={
  "args": {}, 
  "headers": {
    "Accept": "*/*", 
    "Accept-Encoding": "gzip, deflate", 
    "Authorization": "Basic dXNlcjpwYXNz", 
    "Host": "httpbin.org", 
    "User-Agent": "python-requests/2.31.0", 
    "X-Amzn-Trace-Id": "Root=1-6540c767-253490eb0127d71478cefe2b"
  }, 
  "origin": "103.151.43.91", 
  "url": "https://httpbin.org/get"
}
 
 </msg>
<msg timestamp="20231031 14:22:46.941" level="INFO">${response} = &lt;Response [200]&gt;</msg>
<status status="PASS" starttime="20231031 14:22:45.702" endtime="20231031 14:22:46.941"/>
</kw>
<kw name="Log To Console" library="BuiltIn">
<arg>${response}</arg>
<doc>Logs the given message to the console.</doc>
<status status="PASS" starttime="20231031 14:22:46.942" endtime="20231031 14:22:46.943"/>
</kw>
<kw name="Log To Console" library="BuiltIn">
<arg>${response.content}</arg>
<doc>Logs the given message to the console.</doc>
<status status="PASS" starttime="20231031 14:22:46.944" endtime="20231031 14:22:46.946"/>
</kw>
<kw name="Log To Console" library="BuiltIn">
<arg>${response.headers}</arg>
<doc>Logs the given message to the console.</doc>
<status status="PASS" starttime="20231031 14:22:46.947" endtime="20231031 14:22:46.948"/>
</kw>
<kw name="Convert To String" library="BuiltIn">
<var>${status_code}</var>
<arg>${response.status_code}</arg>
<doc>Converts the given item to a Unicode string.</doc>
<msg timestamp="20231031 14:22:46.950" level="INFO">${status_code} = 200</msg>
<status status="PASS" starttime="20231031 14:22:46.949" endtime="20231031 14:22:46.950"/>
</kw>
<kw name="Should Be Equal" library="BuiltIn">
<arg>${status_code}</arg>
<arg>200</arg>
<doc>Fails if the given objects are unequal.</doc>
<status status="PASS" starttime="20231031 14:22:46.951" endtime="20231031 14:22:46.951"/>
</kw>
<kw name="Convert To String" library="BuiltIn">
<var>${body}</var>
<arg>${response.content}</arg>
<doc>Converts the given item to a Unicode string.</doc>
<msg timestamp="20231031 14:22:46.952" level="INFO">${body} = {
  "args": {}, 
  "headers": {
    "Accept": "*/*", 
    "Accept-Encoding": "gzip, deflate", 
    "Authorization": "Basic dXNlcjpwYXNz", 
    "Host": "httpbin.org", 
    "User-Agent": "python-request...</msg>
<status status="PASS" starttime="20231031 14:22:46.951" endtime="20231031 14:22:46.952"/>
</kw>
<kw name="Should Contain" library="BuiltIn">
<arg>${body}</arg>
<arg>httpbin.org</arg>
<doc>Fails if ``container`` does not contain ``item`` one or more times.</doc>
<status status="PASS" starttime="20231031 14:22:46.953" endtime="20231031 14:22:46.953"/>
</kw>
<kw name="Get From Dictionary" library="Collections">
<var>${contentTypeValue}</var>
<arg>${response.headers}</arg>
<arg>Content-Type</arg>
<doc>Returns a value from the given ``dictionary`` based on the given ``key``.</doc>
<msg timestamp="20231031 14:22:46.954" level="INFO">${contentTypeValue} = application/json</msg>
<status status="PASS" starttime="20231031 14:22:46.954" endtime="20231031 14:22:46.954"/>
</kw>
<kw name="Should Be Equal" library="BuiltIn">
<arg>${contentTypeValue}</arg>
<arg>application/json</arg>
<doc>Fails if the given objects are unequal.</doc>
<status status="PASS" starttime="20231031 14:22:46.955" endtime="20231031 14:22:46.955"/>
</kw>
<status status="PASS" starttime="20231031 14:22:45.700" endtime="20231031 14:22:46.955"/>
</test>
<doc>This is GET request test case</doc>
<status status="PASS" starttime="20231031 14:22:45.602" endtime="20231031 14:22:46.957"/>
</suite>
<statistics>
<total>
<stat pass="1" fail="0" skip="0">All Tests</stat>
</total>
<tag>
</tag>
<suite>
<stat pass="1" fail="0" skip="0" id="s1" name="TC6 BasicAuthType">TC6 BasicAuthType</stat>
</suite>
</statistics>
<errors>
</errors>
</robot>
